#
# A fatal error has been detected by the Java Runtime Environment:
#
#  EXCEPTION_ACCESS_VIOLATION (0xc0000005) at pc=0x00007ffb5da7e341, pid=3808, tid=0x0000000000002cbc
#
# JRE version: Java(TM) SE Runtime Environment (8.0_251-b08) (build 1.8.0_251-b08)
# Java VM: Java HotSpot(TM) 64-Bit Server VM (25.251-b08 mixed mode windows-amd64 compressed oops)
# Problematic frame:
# C  [ntdll.dll+0x1e341]
#
# Failed to write core dump. Minidumps are not enabled by default on client versions of Windows
#
# If you would like to submit a bug report, please visit:
#   http://bugreport.java.com/bugreport/crash.jsp
# The crash happened outside the Java Virtual Machine in native code.
# See problematic frame for where to report the bug.
#

---------------  T H R E A D  ---------------

Current thread (0x000000001f2ec800):  JavaThread "Thread-3" [_thread_in_native, id=11452, stack(0x0000000027890000,0x0000000027990000)]

siginfo: ExceptionCode=0xc0000005, reading address 0x00007ffb5185b210

Registers:
RAX=0x000000000000082c, RBX=0x000000000000fe56, RCX=0x000000000000082c, RDX=0x0000000000001884
RSP=0x000000002798da20, RBP=0x000000002798dfb0, RSI=0x0000000000000000, RDI=0x00007ffb51855000
R8 =0x0000000000001058, R9 =0x0000000000000000, R10=0x00007ffb5185b210, R11=0x0000000000149774
R12=0x0000000000000000, R13=0x00007ffb5dbcbd5c, R14=0x000000002798e050, R15=0x000000002798dfc8
RIP=0x00007ffb5da7e341, EFLAGS=0x0000000000010212

Top of Stack: (sp=0x000000002798da20)
0x000000002798da20:   0000000000000000 0000000000000000
0x000000002798da30:   00007ffb5da7b3c0 000000002798dab0
0x000000002798da40:   00007ffb51855000 00007ffb516a0000
0x000000002798da50:   0000c438001c7000 000000002798e670
0x000000002798da60:   00007ffb516afe56 00007ffb5daca149
0x000000002798da70:   000000002798e670 0000000000000000
0x000000002798da80:   0000000000000000 000000002798dab0
0x000000002798da90:   000000002798dab0 000000002798dfd0
0x000000002798daa0:   000000002798dfc0 0000000000000000
0x000000002798dab0:   000000001cb5aec0 0000000000000000
0x000000002798dac0:   0000000003316e84 000000001f2ec800
0x000000002798dad0:   0000000051b5c740 0000000000000000
0x000000002798dae0:   00001fa00010000f 0000000000000033
0x000000002798daf0:   00010213002b0000 000000001c6ef988
0x000000002798db00:   0000000000000000 0000000000000000
0x000000002798db10:   000000001c95a728 000000001f000000 

Instructions: (pc=0x00007ffb5da7e341)
0x00007ffb5da7e321:   42 fe 44 8b ce 45 85 c0 78 3c 0f 1f 44 00 00 43
0x00007ffb5da7e331:   8d 04 08 d1 f8 48 63 c8 48 8d 14 49 4c 8d 14 97
0x00007ffb5da7e341:   8b 14 97 48 3b da 72 12 41 8b 4a 0c 44 8b da 48
0x00007ffb5da7e351:   3b d9 72 12 44 8d 48 01 eb 04 44 8d 40 ff 44 8b 


Register to memory mapping:

RAX=0x000000000000082c is an unknown value
RBX=0x000000000000fe56 is an unknown value
RCX=0x000000000000082c is an unknown value
RDX=0x0000000000001884 is an unknown value
RSP=0x000000002798da20 is pointing into the stack for thread: 0x000000001f2ec800
RBP=0x000000002798dfb0 is pointing into the stack for thread: 0x000000001f2ec800
RSI=0x0000000000000000 is an unknown value
RDI=0x00007ffb51855000 is an unknown value
R8 =0x0000000000001058 is an unknown value
R9 =0x0000000000000000 is an unknown value
R10=0x00007ffb5185b210 is an unknown value
R11=0x0000000000149774 is an unknown value
R12=0x0000000000000000 is an unknown value
R13=0x00007ffb5dbcbd5c is an unknown value
R14=0x000000002798e050 is pointing into the stack for thread: 0x000000001f2ec800
R15=0x000000002798dfc8 is pointing into the stack for thread: 0x000000001f2ec800


Stack: [0x0000000027890000,0x0000000027990000],  sp=0x000000002798da20,  free space=1014k
Native frames: (J=compiled Java code, j=interpreted, Vv=VM code, C=native code)
C  [ntdll.dll+0x1e341]
C  [ntdll.dll+0x6a149]
C  [ntdll.dll+0x9fe3e]
C  [ntdll.dll+0x72a6]
C  [ntdll.dll+0x1b576]
C  [ntdll.dll+0x1b3c0]
C  0x00007ffb516afe56

Java frames: (J=compiled Java code, j=interpreted, Vv=VM code)
j  sun.java2d.d3d.D3DSurfaceData.initOps(III)V+0
j  sun.java2d.d3d.D3DSurfaceData.<init>(Lsun/awt/windows/WComponentPeer;Lsun/java2d/d3d/D3DGraphicsConfig;IILjava/awt/Image;Ljava/awt/image/ColorModel;IILsun/java2d/pipe/hw/ExtendedBufferCapabilities$VSyncType;I)V+76
j  sun.java2d.d3d.D3DSurfaceData.createData(Lsun/awt/windows/WComponentPeer;Ljava/awt/Image;)Lsun/java2d/d3d/D3DSurfaceData;+117
j  sun.java2d.d3d.D3DVolatileSurfaceManager.initAcceleratedSurface()Lsun/java2d/SurfaceData;+59
j  sun.java2d.d3d.D3DVolatileSurfaceManager.restoreAcceleratedSurface()V+62
J 789 C1 sun.awt.image.VolatileSurfaceManager.validate(Ljava/awt/GraphicsConfiguration;)I (204 bytes) @ 0x000000000358ee74 [0x000000000358e820+0x654]
J 788 C1 sun.awt.image.SunVolatileImage.validate(Ljava/awt/GraphicsConfiguration;)I (9 bytes) @ 0x000000000358bdc4 [0x000000000358bcc0+0x104]
J 872 C1 java.awt.Component$FlipBufferStrategy.revalidate(Z)V (143 bytes) @ 0x00000000035dae34 [0x00000000035da900+0x534]
J 870 C1 java.awt.Component$FlipBufferStrategy.getDrawGraphics()Ljava/awt/Graphics; (12 bytes) @ 0x00000000035da00c [0x00000000035d9e40+0x1cc]
J 653 C1 main.Main.render()V (170 bytes) @ 0x00000000035385b4 [0x0000000003537700+0xeb4]
j  main.Main.run()V+5
j  java.lang.Thread.run()V+11
v  ~StubRoutines::call_stub

---------------  P R O C E S S  ---------------

Java Threads: ( => current thread )
  0x000000001eb46800 JavaThread "Thread-0" daemon [_thread_in_native, id=6076, stack(0x00000000283b0000,0x00000000284b0000)]
  0x00000000031bd800 JavaThread "DestroyJavaVM" [_thread_blocked, id=4384, stack(0x0000000002fd0000,0x00000000030d0000)]
=>0x000000001f2ec800 JavaThread "Thread-3" [_thread_in_native, id=11452, stack(0x0000000027890000,0x0000000027990000)]
  0x000000001f3bb000 JavaThread "AWT-EventQueue-0" [_thread_blocked, id=10116, stack(0x0000000027390000,0x0000000027490000)]
  0x000000001f273800 JavaThread "AWT-Shutdown" [_thread_blocked, id=12888, stack(0x000000001fb30000,0x000000001fc30000)]
  0x000000001f272800 JavaThread "Java2D Disposer" daemon [_thread_blocked, id=13488, stack(0x000000001fa30000,0x000000001fb30000)]
  0x000000001eb3e000 JavaThread "Service Thread" daemon [_thread_blocked, id=10672, stack(0x000000001eed0000,0x000000001efd0000)]
  0x000000001cb50800 JavaThread "C1 CompilerThread2" daemon [_thread_blocked, id=12252, stack(0x000000001e9d0000,0x000000001ead0000)]
  0x000000001cb4d000 JavaThread "C2 CompilerThread1" daemon [_thread_blocked, id=11792, stack(0x000000001e8d0000,0x000000001e9d0000)]
  0x000000001cb45000 JavaThread "C2 CompilerThread0" daemon [_thread_blocked, id=11472, stack(0x000000001e7d0000,0x000000001e8d0000)]
  0x000000001cb41000 JavaThread "Attach Listener" daemon [_thread_blocked, id=10120, stack(0x000000001e6d0000,0x000000001e7d0000)]
  0x000000001cb3f800 JavaThread "Signal Dispatcher" daemon [_thread_blocked, id=5468, stack(0x000000001e5d0000,0x000000001e6d0000)]
  0x00000000032cd800 JavaThread "Finalizer" daemon [_thread_blocked, id=11536, stack(0x000000001e3c0000,0x000000001e4c0000)]
  0x00000000032c4800 JavaThread "Reference Handler" daemon [_thread_blocked, id=1640, stack(0x000000001e2c0000,0x000000001e3c0000)]

Other Threads:
  0x000000001cb08000 VMThread [stack: 0x000000001e1c0000,0x000000001e2c0000] [id=11208]
  0x000000001eb5e000 WatcherThread [stack: 0x000000001efd0000,0x000000001f0d0000] [id=11192]

VM state:not at safepoint (normal execution)

VM Mutex/Monitor currently owned by a thread: None

heap address: 0x00000006c1000000, size: 4080 MB, Compressed Oops mode: Zero based, Oop shift amount: 3
Narrow klass base: 0x0000000000000000, Narrow klass shift: 3
Compressed class space size: 1073741824 Address: 0x00000007c0000000

Heap:
 PSYoungGen      total 76288K, used 29663K [0x000000076b000000, 0x0000000770500000, 0x00000007c0000000)
  eden space 65536K, 45% used [0x000000076b000000,0x000000076ccf7ca8,0x000000076f000000)
  from space 10752K, 0% used [0x000000076fa80000,0x000000076fa80000,0x0000000770500000)
  to   space 10752K, 0% used [0x000000076f000000,0x000000076f000000,0x000000076fa80000)
 ParOldGen       total 175104K, used 0K [0x00000006c1000000, 0x00000006cbb00000, 0x000000076b000000)
  object space 175104K, 0% used [0x00000006c1000000,0x00000006c1000000,0x00000006cbb00000)
 Metaspace       used 10127K, capacity 10316K, committed 10624K, reserved 1058816K
  class space    used 1199K, capacity 1286K, committed 1408K, reserved 1048576K

Card table byte_map: [0x0000000012690000,0x0000000012e90000] byte_map_base: 0x000000000f088000

Marking Bits: (ParMarkBitMap*) 0x0000000051d9af90
 Begin Bits: [0x00000000139e0000, 0x00000000179a0000)
 End Bits:   [0x00000000179a0000, 0x000000001b960000)

Polling page: 0x0000000001750000

CodeCache: size=245760Kb used=3207Kb max_used=3207Kb free=242552Kb
 bounds [0x00000000032d0000, 0x0000000003600000, 0x00000000122d0000]
 total_blobs=1384 nmethods=901 adapters=397
 compilation: enabled

Compilation events (10 events):
Event: 10.638 Thread 0x000000001cb50800  895       3       java.awt.EventQueue::dispatchEventImpl (149 bytes)
Event: 10.639 Thread 0x000000001cb50800 nmethod 895 0x00000000035eed10 code [0x00000000035ef080, 0x00000000035f0f58]
Event: 10.639 Thread 0x000000001cb50800  896   !   3       java.awt.EventQueue::wakeup (79 bytes)
Event: 10.639 Thread 0x000000001cb50800 nmethod 896 0x00000000035f1910 code [0x00000000035f1b20, 0x00000000035f23b8]
Event: 10.853 Thread 0x000000001cb50800  899       3       java.util.IdentityHashMap::maskNull (12 bytes)
Event: 10.853 Thread 0x000000001cb50800 nmethod 899 0x00000000035f2c10 code [0x00000000035f2d60, 0x00000000035f2ef0]
Event: 10.853 Thread 0x000000001cb50800  900       3       java.util.IdentityHashMap::hash (18 bytes)
Event: 10.854 Thread 0x000000001cb50800 nmethod 900 0x00000000035f2f50 code [0x00000000035f30c0, 0x00000000035f3248]
Event: 11.198 Thread 0x000000001cb50800  901       3       java.awt.KeyboardFocusManager::checkKFMSecurity (11 bytes)
Event: 11.198 Thread 0x000000001cb50800 nmethod 901 0x00000000035f32d0 code [0x00000000035f34a0, 0x00000000035f39b8]

GC Heap History (0 events):
No events

Deoptimization events (1 events):
Event: 2.357 Thread 0x000000001f2ec800 Uncommon trap: reason=unstable_if action=reinterpret pc=0x000000000353cf7c method=sun.font.CMap$CMapFormat4.getGlyph(I)C @ 181

Classes redefined (0 events):
No events

Internal exceptions (10 events):
Event: 0.022 Thread 0x00000000031bd800 Exception <a 'java/lang/NoSuchMethodError': Method sun.misc.Unsafe.defineClass(Ljava/lang/String;[BII)Ljava/lang/Class; name or signature does not match> (0x000000076b007cc0) thrown at [C:\jenkins\workspace\8-2-build-windows-amd64-cygwin\jdk8u251\737\hots
Event: 0.022 Thread 0x00000000031bd800 Exception <a 'java/lang/NoSuchMethodError': Method sun.misc.Unsafe.prefetchRead(Ljava/lang/Object;J)V name or signature does not match> (0x000000076b007fa8) thrown at [C:\jenkins\workspace\8-2-build-windows-amd64-cygwin\jdk8u251\737\hotspot\src\share\vm\p
Event: 0.059 Thread 0x00000000031bd800 Exception <a 'java/security/PrivilegedActionException'> (0x000000076b082df0) thrown at [C:\jenkins\workspace\8-2-build-windows-amd64-cygwin\jdk8u251\737\hotspot\src\share\vm\prims\jvm.cpp, line 1502]
Event: 0.059 Thread 0x00000000031bd800 Exception <a 'java/security/PrivilegedActionException'> (0x000000076b083000) thrown at [C:\jenkins\workspace\8-2-build-windows-amd64-cygwin\jdk8u251\737\hotspot\src\share\vm\prims\jvm.cpp, line 1502]
Event: 0.059 Thread 0x00000000031bd800 Exception <a 'java/security/PrivilegedActionException'> (0x000000076b086c70) thrown at [C:\jenkins\workspace\8-2-build-windows-amd64-cygwin\jdk8u251\737\hotspot\src\share\vm\prims\jvm.cpp, line 1502]
Event: 0.059 Thread 0x00000000031bd800 Exception <a 'java/security/PrivilegedActionException'> (0x000000076b086e80) thrown at [C:\jenkins\workspace\8-2-build-windows-amd64-cygwin\jdk8u251\737\hotspot\src\share\vm\prims\jvm.cpp, line 1502]
Event: 0.065 Thread 0x00000000031bd800 Exception <a 'java/io/FileNotFoundException'> (0x000000076b08e0d0) thrown at [C:\jenkins\workspace\8-2-build-windows-amd64-cygwin\jdk8u251\737\hotspot\src\share\vm\prims\jni.cpp, line 710]
Event: 0.087 Thread 0x00000000031bd800 Exception <a 'java/lang/NoSuchFieldError': method resolution failed> (0x000000076b2a7378) thrown at [C:\jenkins\workspace\8-2-build-windows-amd64-cygwin\jdk8u251\737\hotspot\src\share\vm\prims\methodHandles.cpp, line 1167]
Event: 0.088 Thread 0x00000000031bd800 Exception <a 'java/lang/NoSuchFieldError': method resolution failed> (0x000000076b2b4748) thrown at [C:\jenkins\workspace\8-2-build-windows-amd64-cygwin\jdk8u251\737\hotspot\src\share\vm\prims\methodHandles.cpp, line 1167]
Event: 0.114 Thread 0x00000000031bd800 Exception <a 'java/io/FileNotFoundException'> (0x000000076b34dd78) thrown at [C:\jenkins\workspace\8-2-build-windows-amd64-cygwin\jdk8u251\737\hotspot\src\share\vm\prims\jni.cpp, line 710]

Events (10 events):
Event: 11.198 Thread 0x000000001f3ed000 Thread added: 0x000000001f3ed000
Event: 11.198 loading class java/util/WeakHashMap$KeyIterator
Event: 11.198 loading class java/util/WeakHashMap$HashIterator
Event: 11.198 Thread 0x000000001f3ed000 Thread exited: 0x000000001f3ed000
Event: 11.198 loading class java/util/WeakHashMap$HashIterator done
Event: 11.198 Thread 0x000000001f2eb800 Thread exited: 0x000000001f2eb800
Event: 11.198 loading class java/util/WeakHashMap$KeyIterator done
Event: 11.198 loading class sun/java2d/pipe/hw/AccelDeviceEventNotifier
Event: 11.198 Thread 0x000000001eb45800 Thread exited: 0x000000001eb45800
Event: 11.198 loading class sun/java2d/pipe/hw/AccelDeviceEventNotifier done


Dynamic libraries:
0x00007ff69f920000 - 0x00007ff69f957000 	C:\Program Files\Java\jre1.8.0_251\bin\javaw.exe
0x00007ffb5da60000 - 0x00007ffb5dc50000 	C:\Windows\SYSTEM32\ntdll.dll
0x00007ffb5c490000 - 0x00007ffb5c542000 	C:\Windows\System32\KERNEL32.DLL
0x00007ffb5b860000 - 0x00007ffb5bb05000 	C:\Windows\System32\KERNELBASE.dll
0x00007ffb5d250000 - 0x00007ffb5d2f3000 	C:\Windows\System32\ADVAPI32.dll
0x00007ffb5c3f0000 - 0x00007ffb5c48e000 	C:\Windows\System32\msvcrt.dll
0x00007ffb5c320000 - 0x00007ffb5c3b7000 	C:\Windows\System32\sechost.dll
0x00007ffb5c200000 - 0x00007ffb5c320000 	C:\Windows\System32\RPCRT4.dll
0x00007ffb5c550000 - 0x00007ffb5c6e5000 	C:\Windows\System32\USER32.dll
0x00007ffb5acc0000 - 0x00007ffb5ace1000 	C:\Windows\System32\win32u.dll
0x00007ffb5c6f0000 - 0x00007ffb5c716000 	C:\Windows\System32\GDI32.dll
0x00007ffb5adc0000 - 0x00007ffb5af56000 	C:\Windows\System32\gdi32full.dll
0x00007ffb5a9f0000 - 0x00007ffb5aa8e000 	C:\Windows\System32\msvcp_win.dll
0x00007ffb5b760000 - 0x00007ffb5b85a000 	C:\Windows\System32\ucrtbase.dll
0x00007ffb501e0000 - 0x00007ffb50464000 	C:\Windows\WinSxS\amd64_microsoft.windows.common-controls_6595b64144ccf1df_6.0.18362.1082_none_9e8193e1e45b25c1\COMCTL32.dll
0x00007ffb5d6e0000 - 0x00007ffb5da15000 	C:\Windows\System32\combase.dll
0x00007ffb5b6e0000 - 0x00007ffb5b760000 	C:\Windows\System32\bcryptPrimitives.dll
0x00007ffb5c3c0000 - 0x00007ffb5c3ee000 	C:\Windows\System32\IMM32.DLL
0x0000000051240000 - 0x0000000051312000 	C:\Program Files\Java\jre1.8.0_251\bin\msvcr100.dll
0x0000000051570000 - 0x0000000051e1b000 	C:\Program Files\Java\jre1.8.0_251\bin\server\jvm.dll
0x00007ffb5d310000 - 0x00007ffb5d318000 	C:\Windows\System32\PSAPI.DLL
0x00007ffb58130000 - 0x00007ffb58154000 	C:\Windows\SYSTEM32\WINMM.dll
0x00007ffb53c30000 - 0x00007ffb53c3a000 	C:\Windows\SYSTEM32\VERSION.dll
0x00007ffb52b10000 - 0x00007ffb52b19000 	C:\Windows\SYSTEM32\WSOCK32.dll
0x00007ffb5d180000 - 0x00007ffb5d1ef000 	C:\Windows\System32\WS2_32.dll
0x00007ffb58100000 - 0x00007ffb5812d000 	C:\Windows\SYSTEM32\winmmbase.dll
0x00007ffb5acf0000 - 0x00007ffb5ad3a000 	C:\Windows\System32\cfgmgr32.dll
0x00007ffb51870000 - 0x00007ffb5187f000 	C:\Program Files\Java\jre1.8.0_251\bin\verify.dll
0x00007ffb50100000 - 0x00007ffb50129000 	C:\Program Files\Java\jre1.8.0_251\bin\java.dll
0x00007ffb500e0000 - 0x00007ffb500f6000 	C:\Program Files\Java\jre1.8.0_251\bin\zip.dll
0x00007ffb5c8f0000 - 0x00007ffb5cfd7000 	C:\Windows\System32\SHELL32.dll
0x00007ffb5d460000 - 0x00007ffb5d509000 	C:\Windows\System32\shcore.dll
0x00007ffb5af60000 - 0x00007ffb5b6e0000 	C:\Windows\System32\windows.storage.dll
0x00007ffb5a970000 - 0x00007ffb5a993000 	C:\Windows\System32\profapi.dll
0x00007ffb5a9a0000 - 0x00007ffb5a9ea000 	C:\Windows\System32\powrprof.dll
0x00007ffb5a920000 - 0x00007ffb5a930000 	C:\Windows\System32\UMPDC.dll
0x00007ffb5d110000 - 0x00007ffb5d162000 	C:\Windows\System32\shlwapi.dll
0x00007ffb5a930000 - 0x00007ffb5a941000 	C:\Windows\System32\kernel.appcore.dll
0x00007ffb5ada0000 - 0x00007ffb5adb7000 	C:\Windows\System32\cryptsp.dll
0x00007ffb3e6a0000 - 0x00007ffb3e83a000 	C:\Program Files\Java\jre1.8.0_251\bin\awt.dll
0x00007ffb5bf80000 - 0x00007ffb5c045000 	C:\Windows\System32\OLEAUT32.dll
0x00007ffb587c0000 - 0x00007ffb5884f000 	C:\Windows\SYSTEM32\apphelp.dll
0x00007ffb58dc0000 - 0x00007ffb58ded000 	C:\Windows\system32\DWMAPI.DLL
0x00007ffb58990000 - 0x00007ffb58a29000 	C:\Windows\system32\uxtheme.dll
0x00007ffb33a80000 - 0x00007ffb33bd6000 	C:\Windows\system32\opengl32.dll
0x00007ffb36070000 - 0x00007ffb3609c000 	C:\Windows\SYSTEM32\GLU32.dll
0x00007ffb59570000 - 0x00007ffb59590000 	C:\Windows\SYSTEM32\dxcore.dll
0x00007ffb5d320000 - 0x00007ffb5d455000 	C:\Windows\System32\MSCTF.dll
0x00007ffb5c720000 - 0x00007ffb5c877000 	C:\Windows\System32\ole32.dll
0x00007ffb5ab40000 - 0x00007ffb5ac89000 	C:\Windows\System32\crypt32.dll
0x00007ffb5a950000 - 0x00007ffb5a962000 	C:\Windows\System32\MSASN1.dll
0x00007ffb53be0000 - 0x00007ffb53c0f000 	C:\Windows\SYSTEM32\cryptnet.dll
0x00007ffb5a340000 - 0x00007ffb5a34c000 	C:\Windows\SYSTEM32\cryptbase.dll
0x00007ffb5ad40000 - 0x00007ffb5ad9c000 	C:\Windows\System32\WINTRUST.DLL
0x00007ffb5d640000 - 0x00007ffb5d65d000 	C:\Windows\System32\imagehlp.dll
0x00007ffb59ce0000 - 0x00007ffb59d13000 	C:\Windows\system32\rsaenh.dll
0x00007ffb5ac90000 - 0x00007ffb5acb6000 	C:\Windows\System32\bcrypt.dll
0x00007ffb30dc0000 - 0x00007ffb31077000 	C:\Windows\system32\nvspcap64.dll
0x00007ffb59960000 - 0x00007ffb59991000 	C:\Windows\SYSTEM32\ntmarta.dll
0x00007ffb59520000 - 0x00007ffb59542000 	C:\Windows\SYSTEM32\gpapi.dll
0x00007ffb5a840000 - 0x00007ffb5a865000 	C:\Windows\SYSTEM32\USERENV.dll
0x00007ffb500c0000 - 0x00007ffb500da000 	C:\Program Files\Java\jre1.8.0_251\bin\net.dll
0x00007ffb5a170000 - 0x00007ffb5a1d7000 	C:\Windows\system32\mswsock.dll
0x00007ffb59e80000 - 0x00007ffb59eba000 	C:\Windows\SYSTEM32\IPHLPAPI.DLL
0x00007ffb5d300000 - 0x00007ffb5d308000 	C:\Windows\System32\NSI.dll
0x00007ffb547d0000 - 0x00007ffb547e6000 	C:\Windows\SYSTEM32\dhcpcsvc6.DLL
0x00007ffb54750000 - 0x00007ffb5476c000 	C:\Windows\SYSTEM32\dhcpcsvc.DLL
0x00007ffb59ec0000 - 0x00007ffb59f8b000 	C:\Windows\SYSTEM32\DNSAPI.dll
0x00007ffb500a0000 - 0x00007ffb500b2000 	C:\Program Files\Java\jre1.8.0_251\bin\nio.dll
0x00007ffb50020000 - 0x00007ffb50069000 	C:\Program Files\Java\jre1.8.0_251\bin\fontmanager.dll
0x00007ffb529d0000 - 0x00007ffb52a6e000 	C:\Windows\System32\TextInputFramework.dll
0x00007ffb562d0000 - 0x00007ffb565fa000 	C:\Windows\System32\CoreUIComponents.dll
0x00007ffb58160000 - 0x00007ffb58234000 	C:\Windows\System32\CoreMessaging.dll
0x00007ffb56120000 - 0x00007ffb56273000 	C:\Windows\SYSTEM32\wintypes.dll
0x00007ffb56090000 - 0x00007ffb560f5000 	C:\Windows\system32\Oleacc.dll
0x00007ffb4dd60000 - 0x00007ffb4e006000 	C:\Windows\System32\iertutil.dll
0x00007ffb49e20000 - 0x00007ffb49e62000 	C:\Program Files\Java\jre1.8.0_251\bin\t2k.dll
0x00007ffb591a0000 - 0x00007ffb59394000 	C:\Windows\SYSTEM32\dbghelp.dll

VM Arguments:
jvm_args: -Dfile.encoding=Cp1252 
java_command: main.Main
java_class_path (initial): C:\Users\PICHAU\eclipse-workspace\Algoritmo Dijkstra\bin
Launcher Type: SUN_STANDARD

Environment Variables:
PATH=C:/Program Files/Java/jre1.8.0_251/bin/server;C:/Program Files/Java/jre1.8.0_251/bin;C:/Program Files/Java/jre1.8.0_251/lib/amd64;C:\Program Files (x86)\Common Files\Oracle\Java\javapath;C:\Program Files\Haskell\bin;C:\Program Files\Haskell Platform\8.6.3\lib\extralibs\bin;C:\Program Files\Haskell Platform\8.6.3\bin;C:\Windows\system32;C:\Windows;C:\Windows\System32\Wbem;C:\Windows\System32\WindowsPowerShell\v1.0\;C:\Windows\System32\OpenSSH\;C:\Program Files (x86)\NVIDIA Corporation\PhysX\Common;C:\Program Files\NVIDIA Corporation\NVIDIA NvDLISR;C:\Program Files\Haskell Platform\8.6.3\mingw\bin;C:\Program Files\dotnet\;C:\Users\PICHAU\AppData\Roaming\cabal\bin;C:\Users\PICHAU\AppData\Roaming\local\bin;C:\Users\PICHAU\AppData\Local\Microsoft\WindowsApps;C:\Users\PICHAU\.dotnet\tools;C:\Windows\System32;
USERNAME=Rafael
OS=Windows_NT
PROCESSOR_IDENTIFIER=AMD64 Family 23 Model 113 Stepping 0, AuthenticAMD



---------------  S Y S T E M  ---------------

OS: Windows 10.0 , 64 bit Build 18362 (10.0.18362.1082)

CPU:total 6 (initial active 6) (6 cores per cpu, 1 threads per core) family 23 model 113 stepping 0, cmov, cx8, fxsr, mmx, sse, sse2, sse3, ssse3, sse4.1, sse4.2, popcnt, avx, avx2, aes, clmul, mmxext, 3dnowpref, lzcnt, sse4a, tsc, tscinvbit, tscinv, bmi1

Memory: 4k page, physical 16708800k(11328068k free), swap 22738112k(13903152k free)

vm_info: Java HotSpot(TM) 64-Bit Server VM (25.251-b08) for windows-amd64 JRE (1.8.0_251-b08), built on Mar 12 2020 06:31:49 by "" with MS VC++ 10.0 (VS2010)

time: Fri Sep 18 20:48:45 2020
timezone: Hora oficial do Brasil
elapsed time: 11 seconds (0d 0h 0m 11s)

